Determining if the pthread_create exist failed with the following output:
Change Dir: /data/sydeng/repositary/hnsw-repo/Distributed-HNSW/bui/CMakeFiles/CMakeTmp

Run Build Command:"/usr/bin/gmake" "cmTC_c296c/fast"
/usr/bin/gmake -f CMakeFiles/cmTC_c296c.dir/build.make CMakeFiles/cmTC_c296c.dir/build
gmake[1]: Entering directory `/data/sydeng/repositary/hnsw-repo/Distributed-HNSW/bui/CMakeFiles/CMakeTmp'
Building C object CMakeFiles/cmTC_c296c.dir/CheckSymbolExists.c.o
/data/opt/brew/bin/cc    -o CMakeFiles/cmTC_c296c.dir/CheckSymbolExists.c.o   -c /data/sydeng/repositary/hnsw-repo/Distributed-HNSW/bui/CMakeFiles/CMakeTmp/CheckSymbolExists.c
Linking C executable cmTC_c296c
/data/opt/brew/Cellar/cmake/3.10.1/bin/cmake -E cmake_link_script CMakeFiles/cmTC_c296c.dir/link.txt --verbose=1
/data/opt/brew/bin/cc      -rdynamic CMakeFiles/cmTC_c296c.dir/CheckSymbolExists.c.o  -o cmTC_c296c 
CMakeFiles/cmTC_c296c.dir/CheckSymbolExists.c.o: In function `main':
CheckSymbolExists.c:(.text+0x16): undefined reference to `pthread_create'
collect2: error: ld returned 1 exit status
gmake[1]: *** [cmTC_c296c] Error 1
gmake[1]: Leaving directory `/data/sydeng/repositary/hnsw-repo/Distributed-HNSW/bui/CMakeFiles/CMakeTmp'
gmake: *** [cmTC_c296c/fast] Error 2

File /data/sydeng/repositary/hnsw-repo/Distributed-HNSW/bui/CMakeFiles/CMakeTmp/CheckSymbolExists.c:
/* */
#include <pthread.h>

int main(int argc, char** argv)
{
  (void)argv;
#ifndef pthread_create
  return ((int*)(&pthread_create))[argc];
#else
  (void)argc;
  return 0;
#endif
}

Determining if the function pthread_create exists in the pthreads failed with the following output:
Change Dir: /data/sydeng/repositary/hnsw-repo/Distributed-HNSW/bui/CMakeFiles/CMakeTmp

Run Build Command:"/usr/bin/gmake" "cmTC_974b3/fast"
/usr/bin/gmake -f CMakeFiles/cmTC_974b3.dir/build.make CMakeFiles/cmTC_974b3.dir/build
gmake[1]: Entering directory `/data/sydeng/repositary/hnsw-repo/Distributed-HNSW/bui/CMakeFiles/CMakeTmp'
Building C object CMakeFiles/cmTC_974b3.dir/CheckFunctionExists.c.o
/data/opt/brew/bin/cc   -DCHECK_FUNCTION_EXISTS=pthread_create   -o CMakeFiles/cmTC_974b3.dir/CheckFunctionExists.c.o   -c /data/opt/brew/Cellar/cmake/3.10.1/share/cmake/Modules/CheckFunctionExists.c
Linking C executable cmTC_974b3
/data/opt/brew/Cellar/cmake/3.10.1/bin/cmake -E cmake_link_script CMakeFiles/cmTC_974b3.dir/link.txt --verbose=1
/data/opt/brew/bin/cc  -DCHECK_FUNCTION_EXISTS=pthread_create    -rdynamic CMakeFiles/cmTC_974b3.dir/CheckFunctionExists.c.o  -o cmTC_974b3 -lpthreads 
/data/opt/brew/bin/ld: cannot find -lpthreads
collect2: error: ld returned 1 exit status
gmake[1]: *** [cmTC_974b3] Error 1
gmake[1]: Leaving directory `/data/sydeng/repositary/hnsw-repo/Distributed-HNSW/bui/CMakeFiles/CMakeTmp'
gmake: *** [cmTC_974b3/fast] Error 2


